<?xml version="1.0" encoding="UTF-8"?>
<testsuite name="com.example.travelnode.TravelNodeApplicationTests" tests="1" skipped="0" failures="0" errors="0" timestamp="2023-03-09T10:47:56" hostname="gimda-eun-ui-MacBookAir.local" time="0.058">
  <properties/>
  <testcase name="contextLoads()" classname="com.example.travelnode.TravelNodeApplicationTests" time="0.058"/>
  <system-out><![CDATA[19:47:54.603 [Test worker] DEBUG org.springframework.test.context.BootstrapUtils - Instantiating CacheAwareContextLoaderDelegate from class [org.springframework.test.context.cache.DefaultCacheAwareContextLoaderDelegate]
19:47:54.608 [Test worker] DEBUG org.springframework.test.context.BootstrapUtils - Instantiating BootstrapContext using constructor [public org.springframework.test.context.support.DefaultBootstrapContext(java.lang.Class,org.springframework.test.context.CacheAwareContextLoaderDelegate)]
19:47:54.622 [Test worker] DEBUG org.springframework.test.context.BootstrapUtils - Instantiating TestContextBootstrapper for test class [com.example.travelnode.TravelNodeApplicationTests] from class [org.springframework.boot.test.context.SpringBootTestContextBootstrapper]
19:47:54.626 [Test worker] INFO org.springframework.boot.test.context.SpringBootTestContextBootstrapper - Neither @ContextConfiguration nor @ContextHierarchy found for test class [com.example.travelnode.TravelNodeApplicationTests], using SpringBootContextLoader
19:47:54.627 [Test worker] DEBUG org.springframework.test.context.support.AbstractContextLoader - Did not detect default resource location for test class [com.example.travelnode.TravelNodeApplicationTests]: class path resource [com/example/travelnode/TravelNodeApplicationTests-context.xml] does not exist
19:47:54.627 [Test worker] DEBUG org.springframework.test.context.support.AbstractContextLoader - Did not detect default resource location for test class [com.example.travelnode.TravelNodeApplicationTests]: class path resource [com/example/travelnode/TravelNodeApplicationTestsContext.groovy] does not exist
19:47:54.627 [Test worker] INFO org.springframework.test.context.support.AbstractContextLoader - Could not detect default resource locations for test class [com.example.travelnode.TravelNodeApplicationTests]: no resource found for suffixes {-context.xml, Context.groovy}.
19:47:54.627 [Test worker] INFO org.springframework.test.context.support.AnnotationConfigContextLoaderUtils - Could not detect default configuration classes for test class [com.example.travelnode.TravelNodeApplicationTests]: TravelNodeApplicationTests does not declare any static, non-private, non-final, nested classes annotated with @Configuration.
19:47:54.644 [Test worker] DEBUG org.springframework.test.context.support.ActiveProfilesUtils - Could not find an 'annotation declaring class' for annotation type [org.springframework.test.context.ActiveProfiles] and class [com.example.travelnode.TravelNodeApplicationTests]
19:47:54.666 [Test worker] DEBUG org.springframework.context.annotation.ClassPathScanningCandidateComponentProvider - Identified candidate component class: file [/Users/daeun/study/Project/my_travelnode/Backend/TravelNode/build/classes/java/main/com/example/travelnode/TravelNodeApplication.class]
19:47:54.666 [Test worker] INFO org.springframework.boot.test.context.SpringBootTestContextBootstrapper - Found @SpringBootConfiguration com.example.travelnode.TravelNodeApplication for test class com.example.travelnode.TravelNodeApplicationTests
19:47:54.697 [Test worker] DEBUG org.springframework.boot.test.context.SpringBootTestContextBootstrapper - @TestExecutionListeners is not present for class [com.example.travelnode.TravelNodeApplicationTests]: using defaults.
19:47:54.698 [Test worker] INFO org.springframework.boot.test.context.SpringBootTestContextBootstrapper - Loaded default TestExecutionListener class names from location [META-INF/spring.factories]: [org.springframework.security.test.context.support.WithSecurityContextTestExecutionListener, org.springframework.security.test.context.support.ReactorContextTestExecutionListener, org.springframework.boot.test.autoconfigure.restdocs.RestDocsTestExecutionListener, org.springframework.boot.test.autoconfigure.web.client.MockRestServiceServerResetTestExecutionListener, org.springframework.boot.test.autoconfigure.web.servlet.MockMvcPrintOnlyOnFailureTestExecutionListener, org.springframework.boot.test.autoconfigure.web.servlet.WebDriverTestExecutionListener, org.springframework.boot.test.autoconfigure.webservices.client.MockWebServiceServerTestExecutionListener, org.springframework.boot.test.mock.mockito.MockitoTestExecutionListener, org.springframework.boot.test.mock.mockito.ResetMocksTestExecutionListener, org.springframework.test.context.web.ServletTestExecutionListener, org.springframework.test.context.support.DirtiesContextBeforeModesTestExecutionListener, org.springframework.test.context.event.ApplicationEventsTestExecutionListener, org.springframework.test.context.support.DependencyInjectionTestExecutionListener, org.springframework.test.context.support.DirtiesContextTestExecutionListener, org.springframework.test.context.transaction.TransactionalTestExecutionListener, org.springframework.test.context.jdbc.SqlScriptsTestExecutionListener, org.springframework.test.context.event.EventPublishingTestExecutionListener]
19:47:54.705 [Test worker] INFO org.springframework.boot.test.context.SpringBootTestContextBootstrapper - Using TestExecutionListeners: [org.springframework.test.context.web.ServletTestExecutionListener@6bb75258, org.springframework.test.context.support.DirtiesContextBeforeModesTestExecutionListener@c260bdc, org.springframework.test.context.event.ApplicationEventsTestExecutionListener@75e01201, org.springframework.boot.test.mock.mockito.MockitoTestExecutionListener@2783717b, org.springframework.boot.test.autoconfigure.SpringBootDependencyInjectionTestExecutionListener@76f7d241, org.springframework.test.context.support.DirtiesContextTestExecutionListener@4a335fa8, org.springframework.test.context.transaction.TransactionalTestExecutionListener@3f363cf5, org.springframework.test.context.jdbc.SqlScriptsTestExecutionListener@3829ac1, org.springframework.security.test.context.support.WithSecurityContextTestExecutionListener@4baf352a, org.springframework.test.context.event.EventPublishingTestExecutionListener@1bb1fde8, org.springframework.security.test.context.support.ReactorContextTestExecutionListener@15eebbff, org.springframework.boot.test.autoconfigure.restdocs.RestDocsTestExecutionListener@22d6f11, org.springframework.boot.test.autoconfigure.web.client.MockRestServiceServerResetTestExecutionListener@30990c1b, org.springframework.boot.test.autoconfigure.web.servlet.MockMvcPrintOnlyOnFailureTestExecutionListener@2453f95d, org.springframework.boot.test.autoconfigure.web.servlet.WebDriverTestExecutionListener@44828f6b, org.springframework.boot.test.autoconfigure.webservices.client.MockWebServiceServerTestExecutionListener@2dbe250d, org.springframework.boot.test.mock.mockito.ResetMocksTestExecutionListener@553f1d75]
19:47:54.706 [Test worker] DEBUG org.springframework.test.context.support.AbstractDirtiesContextTestExecutionListener - Before test class: context [DefaultTestContext@31e75d13 testClass = TravelNodeApplicationTests, testInstance = [null], testMethod = [null], testException = [null], mergedContextConfiguration = [WebMergedContextConfiguration@a5b0b86 testClass = TravelNodeApplicationTests, locations = '{}', classes = '{class com.example.travelnode.TravelNodeApplication}', contextInitializerClasses = '[]', activeProfiles = '{}', propertySourceLocations = '{}', propertySourceProperties = '{org.springframework.boot.test.context.SpringBootTestContextBootstrapper=true}', contextCustomizers = set[org.springframework.boot.test.autoconfigure.actuate.metrics.MetricsExportContextCustomizerFactory$DisableMetricExportContextCustomizer@15713d56, org.springframework.boot.test.autoconfigure.properties.PropertyMappingContextCustomizer@0, org.springframework.boot.test.autoconfigure.web.servlet.WebDriverContextCustomizerFactory$Customizer@21337f7b, org.springframework.boot.test.context.filter.ExcludeFilterContextCustomizer@14fc1f0, org.springframework.boot.test.json.DuplicateJsonObjectContextCustomizerFactory$DuplicateJsonObjectContextCustomizer@1800a575, org.springframework.boot.test.mock.mockito.MockitoContextCustomizer@0, org.springframework.boot.test.web.client.TestRestTemplateContextCustomizer@56928307, org.springframework.boot.test.context.SpringBootTestArgs@1, org.springframework.boot.test.context.SpringBootTestWebEnvironment@7748410a], resourceBasePath = 'src/main/webapp', contextLoader = 'org.springframework.boot.test.context.SpringBootContextLoader', parent = [null]], attributes = map['org.springframework.test.context.web.ServletTestExecutionListener.activateListener' -> true]], class annotated with @DirtiesContext [false] with mode [null].

  .   ____          _            __ _ _
 /\\ / ___'_ __ _ _(_)_ __  __ _ \ \ \ \
( ( )\___ | '_ | '_| | '_ \/ _` | \ \ \ \
 \\/  ___)| |_)| | | | | || (_| |  ) ) ) )
  '  |____| .__|_| |_|_| |_\__, | / / / /
 =========|_|==============|___/=/_/_/_/
 :: Spring Boot ::                (v2.7.8)

2023-03-09 19:47:54.837  INFO 13722 --- [    Test worker] c.e.t.TravelNodeApplicationTests         : Starting TravelNodeApplicationTests using Java 19.0.1 on gimda-eun-ui-MacBookAir.local with PID 13722 (started by daeun in /Users/daeun/study/Project/my_travelnode/Backend/TravelNode)
2023-03-09 19:47:54.838  INFO 13722 --- [    Test worker] c.e.t.TravelNodeApplicationTests         : The following 1 profile is active: "db"
2023-03-09 19:47:55.110  INFO 13722 --- [    Test worker] .s.d.r.c.RepositoryConfigurationDelegate : Bootstrapping Spring Data JPA repositories in DEFAULT mode.
2023-03-09 19:47:55.134  INFO 13722 --- [    Test worker] .s.d.r.c.RepositoryConfigurationDelegate : Finished Spring Data repository scanning in 22 ms. Found 5 JPA repository interfaces.
2023-03-09 19:47:55.350  INFO 13722 --- [    Test worker] o.hibernate.jpa.internal.util.LogHelper  : HHH000204: Processing PersistenceUnitInfo [name: default]
2023-03-09 19:47:55.364  INFO 13722 --- [    Test worker] org.hibernate.Version                    : HHH000412: Hibernate ORM core version 5.6.14.Final
2023-03-09 19:47:55.416  INFO 13722 --- [    Test worker] o.hibernate.annotations.common.Version   : HCANN000001: Hibernate Commons Annotations {5.1.2.Final}
2023-03-09 19:47:55.452  INFO 13722 --- [    Test worker] com.zaxxer.hikari.HikariDataSource       : HikariPool-1 - Starting...
2023-03-09 19:47:55.579  INFO 13722 --- [    Test worker] com.zaxxer.hikari.HikariDataSource       : HikariPool-1 - Start completed.
2023-03-09 19:47:55.585  INFO 13722 --- [    Test worker] org.hibernate.dialect.Dialect            : HHH000400: Using dialect: org.hibernate.dialect.MySQL8Dialect
2023-03-09 19:47:55.957  INFO 13722 --- [    Test worker] o.h.e.t.j.p.i.JtaPlatformInitiator       : HHH000490: Using JtaPlatform implementation: [org.hibernate.engine.transaction.jta.platform.internal.NoJtaPlatform]
2023-03-09 19:47:55.960  INFO 13722 --- [    Test worker] j.LocalContainerEntityManagerFactoryBean : Initialized JPA EntityManagerFactory for persistence unit 'default'
2023-03-09 19:47:56.209  WARN 13722 --- [    Test worker] JpaBaseConfiguration$JpaWebConfiguration : spring.jpa.open-in-view is enabled by default. Therefore, database queries may be performed during view rendering. Explicitly configure spring.jpa.open-in-view to disable this warning
2023-03-09 19:47:56.727  INFO 13722 --- [    Test worker] o.s.s.web.DefaultSecurityFilterChain     : Will secure any request with [org.springframework.security.web.session.DisableEncodeUrlFilter@15ab0461, org.springframework.security.web.context.request.async.WebAsyncManagerIntegrationFilter@2f403d0a, org.springframework.security.web.context.SecurityContextPersistenceFilter@c040c8d, org.springframework.security.web.header.HeaderWriterFilter@7be3a837, org.springframework.web.filter.CorsFilter@186fc6e, org.springframework.security.web.authentication.logout.LogoutFilter@39c93af6, org.springframework.security.oauth2.client.web.OAuth2AuthorizationRequestRedirectFilter@39e91bda, org.springframework.security.oauth2.client.web.OAuth2LoginAuthenticationFilter@712dd0b0, com.example.travelnode.oauth2.filter.JwtAuthenticationFilter@52737c1, org.springframework.security.web.authentication.ui.DefaultLoginPageGeneratingFilter@50331591, org.springframework.security.web.authentication.ui.DefaultLogoutPageGeneratingFilter@1bd5b1c8, org.springframework.security.web.savedrequest.RequestCacheAwareFilter@655b9169, org.springframework.security.web.servletapi.SecurityContextHolderAwareRequestFilter@4917992b, org.springframework.security.web.authentication.AnonymousAuthenticationFilter@569026df, org.springframework.security.web.session.SessionManagementFilter@48b744fd, org.springframework.security.web.access.ExceptionTranslationFilter@1067192a, org.springframework.security.web.access.intercept.FilterSecurityInterceptor@51d26fed]
2023-03-09 19:47:56.816  WARN 13722 --- [    Test worker] ion$DefaultTemplateResolverConfiguration : Cannot find template location: classpath:/templates/ (please add some templates, check your Thymeleaf configuration, or set spring.thymeleaf.check-template-location=false)
2023-03-09 19:47:56.898  INFO 13722 --- [    Test worker] c.e.t.TravelNodeApplicationTests         : Started TravelNodeApplicationTests in 2.175 seconds (JVM running for 2.611)
]]></system-out>
  <system-err><![CDATA[]]></system-err>
</testsuite>
